0 verbose cli /usr/bin/node /usr/local/bin/npm
1 info using npm@8.12.1
2 info using node@v12.22.5
3 timing npm:load:whichnode Completed in 1ms
4 timing config:load:defaults Completed in 4ms
5 timing config:load:file:/usr/local/lib/node_modules/npm/npmrc Completed in 5ms
6 timing config:load:builtin Completed in 6ms
7 timing config:load:cli Completed in 3ms
8 timing config:load:env Completed in 4ms
9 timing config:load:project Completed in 7ms
10 timing config:load:file:/var/www/.npmrc Completed in 1ms
11 timing config:load:user Completed in 1ms
12 timing config:load:file:/etc/npmrc Completed in 1ms
13 timing config:load:global Completed in 1ms
14 timing config:load:validate Completed in 0ms
15 timing config:load:credentials Completed in 2ms
16 timing config:load:setEnvs Completed in 2ms
17 timing config:load Completed in 31ms
18 timing npm:load:configload Completed in 31ms
19 timing npm:load:mkdirpcache Completed in 12ms
20 timing npm:load:mkdirplogs Completed in 8ms
21 verbose title npm root
22 verbose argv "root" "--global"
23 timing npm:load:setTitle Completed in 4ms
24 timing config:load:flatten Completed in 8ms
25 timing npm:load:display Completed in 10ms
26 verbose logfile logs-max:10 dir:/var/www/.npm/_logs
27 verbose logfile /var/www/.npm/_logs/2022-06-10T17_09_09_407Z-debug-0.log
28 timing npm:load:logFile Completed in 32ms
29 timing npm:load:timers Completed in 0ms
30 timing npm:load:configScope Completed in 1ms
31 timing npm:load Completed in 103ms
32 timing command:root Completed in 6ms
33 verbose exit 0
34 timing npm Completed in 125ms
35 info ok
